#
# Shellcode detector
#
0xFFFFFFFFFF600400::  55                      push rbp
0xFFFFFFFFFF600401::  48 89 E5                mov rbp, rsp
0xFFFFFFFFFF600404::  53                      push rbx
0xFFFFFFFFFF600405::  48 89 FB                mov rbx, rdi
0xFFFFFFFFFF600408::  48 83 EC 18             sub rsp, 0x18
0xFFFFFFFFFF60040C::  8B 35 82 FD FF FF       mov esi, dword ptr [rip-0x27e]
0xFFFFFFFFFF600412::  85 F6                   test esi, esi
0xFFFFFFFFFF600414::  74 1E                   jz 0xffffffffff600434
0xFFFFFFFFFF600416::  48 8D 7D E0             lea rdi, ptr [rbp-0x20]
0xFFFFFFFFFF60041A::  31 F6                   xor esi, esi
0xFFFFFFFFFF60041C::  E8 DF FB FF FF          call 0xffffffffff600000 -> 
0xFFFFFFFFFF600000::  55                      push rbp
0xFFFFFFFFFF600001::  48 89 E5                mov rbp, rsp
0xFFFFFFFFFF600004::  41 55                   push r13
0xFFFFFFFFFF600006::  41 54                   push r12
0xFFFFFFFFFF600008::  49 89 FC                mov r12, rdi
0xFFFFFFFFFF60000B::  53                      push rbx
0xFFFFFFFFFF60000C::  48 89 F3                mov rbx, rsi
0xFFFFFFFFFF60000F::  48 83 EC 08             sub rsp, 0x8
0xFFFFFFFFFF600013::  48 85 FF                test rdi, rdi
0xFFFFFFFFFF600016::  0F 84 C9 00 00 00       jz 0xffffffffff6000e5
0xFFFFFFFFFF60001C::  44 8B 2D 5D 01 00 00    mov r13d, dword ptr [rip+0x15d]
0xFFFFFFFFFF600023::  EB 06                   jmp 0xffffffffff60002b
0xFFFFFFFFFF60002B::  41 F6 C5 01             test r13b, 0x1
0xFFFFFFFFFF60002F::  0F 85 CC 00 00 00       jnz 0xffffffffff600101
0xFFFFFFFFFF600035::  48 8B 05 64 01 00 00    mov rax, qword ptr [rip+0x164]
0xFFFFFFFFFF60003C::  48 85 C0                test rax, rax
0xFFFFFFFFFF60003F::  0F 84 C3 00 00 00       jz 0xffffffffff600108
0xFFFFFFFFFF600045::  8B 0D 49 01 00 00       mov ecx, dword ptr [rip+0x149]
0xFFFFFFFFFF60004B::  85 C9                   test ecx, ecx
0xFFFFFFFFFF60004D::  0F 84 B5 00 00 00       jz 0xffffffffff600108
0xFFFFFFFFFF600053::  FF D0                   call rax
0xFFFFFFFFFF600140::  55                      push rbp
0xFFFFFFFFFF600141::  48 89 E5                mov rbp, rsp
0xFFFFFFFFFF600144::  66 66 90                data16 nop 
0xFFFFFFFFFF600147::  0F AE E8                lfence 
0xFFFFFFFFFF60014A::  0F 31                   rdtsc 
0xFFFFFFFFFF60014C::  89 C1                   mov ecx, eax
0xFFFFFFFFFF60014E::  66 66 90                data16 nop 
0xFFFFFFFFFF600151::  0F AE E8                lfence 
0xFFFFFFFFFF600154::  48 89 D0                mov rax, rdx
0xFFFFFFFFFF600157::  48 8B 15 4A 00 00 00    mov rdx, qword ptr [rip+0x4a]
0xFFFFFFFFFF60015E::  89 C9                   mov ecx, ecx
0xFFFFFFFFFF600160::  48 C1 E0 20             shl rax, 0x20
0xFFFFFFFFFF600164::  C9                      leave 
0xFFFFFFFFFF600165::  48 09 C8                or rax, rcx
0xFFFFFFFFFF600168::  48 39 D0                cmp rax, rdx
0xFFFFFFFFFF60016B::  48 0F 42 C2             cmovb rax, rdx
0xFFFFFFFFFF60016F::  C3                      ret 
0xFFFFFFFFFF600055::  48 8B 35 2C 01 00 00    mov rsi, qword ptr [rip+0x12c]
0xFFFFFFFFFF60005C::  4C 8B 0D 45 01 00 00    mov r9, qword ptr [rip+0x145]
0xFFFFFFFFFF600063::  4C 8B 05 46 01 00 00    mov r8, qword ptr [rip+0x146]
0xFFFFFFFFFF60006A::  8B 3D 48 01 00 00       mov edi, dword ptr [rip+0x148]
0xFFFFFFFFFF600070::  8B 0D 46 01 00 00       mov ecx, dword ptr [rip+0x146]
0xFFFFFFFFFF600076::  49 89 34 24             mov qword ptr [r12], rsi
0xFFFFFFFFFF60007A::  8B 15 10 01 00 00       mov edx, dword ptr [rip+0x110]
0xFFFFFFFFFF600080::  8B 35 FA 00 00 00       mov esi, dword ptr [rip+0xfa]
0xFFFFFFFFFF600086::  44 39 EE                cmp esi, r13d
0xFFFFFFFFFF600089::  75 9D                   jnz 0xffffffffff600028
0xFFFFFFFFFF600028::  41 89 F5                mov r13d, esi
0xFFFFFFFFFF60002B::  41 F6 C5 01             test r13b, 0x1
0xFFFFFFFFFF60002F::  0F 85 CC 00 00 00       jnz 0xffffffffff600101
0xFFFFFFFFFF600035::  48 8B 05 64 01 00 00    mov rax, qword ptr [rip+0x164]
0xFFFFFFFFFF60003C::  48 85 C0                test rax, rax
0xFFFFFFFFFF60003F::  0F 84 C3 00 00 00       jz 0xffffffffff600108
0xFFFFFFFFFF600045::  8B 0D 49 01 00 00       mov ecx, dword ptr [rip+0x149]
0xFFFFFFFFFF60004B::  85 C9                   test ecx, ecx
0xFFFFFFFFFF60004D::  0F 84 B5 00 00 00       jz 0xffffffffff600108
0xFFFFFFFFFF60008B::  4C 29 C8                sub rax, r9
0xFFFFFFFFFF60008E::  4C 21 C0                and rax, r8
0xFFFFFFFFFF600091::  48 0F AF C7             imul rax, rdi
0xFFFFFFFFFF600095::  48 D3 E8                shr rax, cl
0xFFFFFFFFFF600098::  48 8D 14 10             lea rdx, ptr [rax+rdx*1]
0xFFFFFFFFFF60009C::  48 81 FA FF C9 9A 3B    cmp rdx, 0x3b9ac9ff
0xFFFFFFFFFF6000A3::  76 23                   jbe 0xffffffffff6000c8
0xFFFFFFFFFF6000C8::  48 C1 EA 03             shr rdx, 0x3
0xFFFFFFFFFF6000CC::  48 B9 CF F7 53 E3 A5 9B C4 20 mov rcx, 0x20c49ba5e353f7cf
0xFFFFFFFFFF6000D6::  48 89 D0                mov rax, rdx
0xFFFFFFFFFF6000D9::  48 F7 E1                mul rcx
0xFFFFFFFFFF6000DC::  48 C1 EA 04             shr rdx, 0x4
0xFFFFFFFFFF6000E0::  49 89 54 24 08          mov qword ptr [r12+0x8], rdx
0xFFFFFFFFFF6000E5::  48 85 DB                test rbx, rbx
0xFFFFFFFFFF6000E8::  74 0A                   jz 0xffffffffff6000f4
0xFFFFFFFFFF6000F4::  48 83 C4 08             add rsp, 0x8
0xFFFFFFFFFF6000F8::  31 C0                   xor eax, eax
0xFFFFFFFFFF6000FA::  5B                      pop rbx
0xFFFFFFFFFF6000FB::  41 5C                   pop r12
0xFFFFFFFFFF6000FD::  41 5D                   pop r13
0xFFFFFFFFFF6000FF::  C9                      leave 
0xFFFFFFFFFF600100::  C3                      ret 
0xFFFFFFFFFF600421::  48 85 DB                test rbx, rbx
0xFFFFFFFFFF600424::  48 8B 45 E0             mov rax, qword ptr [rbp-0x20]
0xFFFFFFFFFF600428::  74 03                   jz 0xffffffffff60042d
0xFFFFFFFFFF60042D::  48 83 C4 18             add rsp, 0x18
0xFFFFFFFFFF600431::  5B                      pop rbx
0xFFFFFFFFFF600432::  C9                      leave 
0xFFFFFFFFFF600433::  C3                      ret 
0x7FFF10DFF8D0::  55                      push rbp
0x7FFF10DFF8D1::  48 8B 05 88 FC FF FF    mov rax, qword ptr [rip-0x378]
0x7FFF10DFF8D8::  48 89 E5                mov rbp, rsp
0x7FFF10DFF8DB::  8B 48 14                mov ecx, dword ptr [rax+0x14]
0x7FFF10DFF8DE::  85 C9                   test ecx, ecx
0x7FFF10DFF8E0::  74 18                   jz 0x7fff10dff8fa
0x7FFF10DFF8E2::  83 FF 01                cmp edi, 0x1
0x7FFF10DFF8E5::  74 49                   jz 0x7fff10dff930
0x7FFF10DFF930::  48 83 78 20 00          cmp qword ptr [rax+0x20], 0x0
0x7FFF10DFF935::  74 C3                   jz 0x7fff10dff8fa
0x7FFF10DFF937::  48 89 F7                mov rdi, rsi
0x7FFF10DFF93A::  66 0F 1F 44 00 00       nop word ptr [rax+rax*1], ax
0x7FFF10DFF940::  E8 DB FE FF FF          call 0x7fff10dff820 -> 
0x7FFF10DFF820::  55                      push rbp
0x7FFF10DFF821::  48 89 E5                mov rbp, rsp
0x7FFF10DFF824::  41 56                   push r14
0x7FFF10DFF826::  41 55                   push r13
0x7FFF10DFF828::  41 54                   push r12
0x7FFF10DFF82A::  49 89 FC                mov r12, rdi
0x7FFF10DFF82D::  53                      push rbx
0x7FFF10DFF82E::  48 8B 05 2B FD FF FF    mov rax, qword ptr [rip-0x2d5]
0x7FFF10DFF835::  8B 18                   mov ebx, dword ptr [rax]
0x7FFF10DFF837::  F6 C3 01                test bl, 0x1
0x7FFF10DFF83A::  0F 85 80 00 00 00       jnz 0x7fff10dff8c0
0x7FFF10DFF840::  48 8B 05 19 FD FF FF    mov rax, qword ptr [rip-0x2e7]
0x7FFF10DFF847::  44 8B 70 10             mov r14d, dword ptr [rax+0x10]
0x7FFF10DFF84B::  4C 8B 68 08             mov r13, qword ptr [rax+0x8]
0x7FFF10DFF84F::  FF 50 20                call qword ptr [rax+0x20]
0xFFFFFFFFFF600140::  55                      push rbp
0xFFFFFFFFFF600141::  48 89 E5                mov rbp, rsp
0xFFFFFFFFFF600144::  66 66 90                data16 nop 
0xFFFFFFFFFF600147::  0F AE E8                lfence 
0xFFFFFFFFFF60014A::  0F 31                   rdtsc 
0xFFFFFFFFFF60014C::  89 C1                   mov ecx, eax
0xFFFFFFFFFF60014E::  66 66 90                data16 nop 
0xFFFFFFFFFF600151::  0F AE E8                lfence 
0xFFFFFFFFFF600154::  48 89 D0                mov rax, rdx
0xFFFFFFFFFF600157::  48 8B 15 4A 00 00 00    mov rdx, qword ptr [rip+0x4a]
0xFFFFFFFFFF60015E::  89 C9                   mov ecx, ecx
0xFFFFFFFFFF600160::  48 C1 E0 20             shl rax, 0x20
0xFFFFFFFFFF600164::  C9                      leave 
0xFFFFFFFFFF600165::  48 09 C8                or rax, rcx
0xFFFFFFFFFF600168::  48 39 D0                cmp rax, rdx
0xFFFFFFFFFF60016B::  48 0F 42 C2             cmovb rax, rdx
0xFFFFFFFFFF60016F::  C3                      ret 
0x7FFF10DFF852::  48 8B 15 07 FD FF FF    mov rdx, qword ptr [rip-0x2f9]
0x7FFF10DFF859::  48 2B 42 28             sub rax, qword ptr [rdx+0x28]
0x7FFF10DFF85D::  8B 4A 38                mov ecx, dword ptr [rdx+0x38]
0x7FFF10DFF860::  48 23 42 30             and rax, qword ptr [rdx+0x30]
0x7FFF10DFF864::  4C 03 6A 40             add r13, qword ptr [rdx+0x40]
0x7FFF10DFF868::  48 0F AF C1             imul rax, rcx
0x7FFF10DFF86C::  8B 4A 3C                mov ecx, dword ptr [rdx+0x3c]
0x7FFF10DFF86F::  48 D3 F8                sar rax, cl
0x7FFF10DFF872::  4C 01 F0                add rax, r14
0x7FFF10DFF875::  48 03 42 48             add rax, qword ptr [rdx+0x48]
0x7FFF10DFF879::  3B 1A                   cmp ebx, dword ptr [rdx]
0x7FFF10DFF87B::  74 0D                   jz 0x7fff10dff88a
0x7FFF10DFF87D::  EB AF                   jmp 0x7fff10dff82e
0x7FFF10DFF82E::  48 8B 05 2B FD FF FF    mov rax, qword ptr [rip-0x2d5]
0x7FFF10DFF835::  8B 18                   mov ebx, dword ptr [rax]
0x7FFF10DFF837::  F6 C3 01                test bl, 0x1
0x7FFF10DFF83A::  0F 85 80 00 00 00       jnz 0x7fff10dff8c0
0x7FFF10DFF840::  48 8B 05 19 FD FF FF    mov rax, qword ptr [rip-0x2e7]
0x7FFF10DFF847::  44 8B 70 10             mov r14d, dword ptr [rax+0x10]
0x7FFF10DFF84B::  4C 8B 68 08             mov r13, qword ptr [rax+0x8]
0x7FFF10DFF84F::  FF 50 20                call qword ptr [rax+0x20]
0x7FFF10DFF88A::  48 3D FF C9 9A 3B       cmp rax, 0x3b9ac9ff
0x7FFF10DFF890::  7F EE                   jnle 0x7fff10dff880
0x7FFF10DFF880::  48 2D 00 CA 9A 3B       sub rax, 0x3b9aca00
0x7FFF10DFF886::  49 83 C5 01             add r13, 0x1
0x7FFF10DFF88A::  48 3D FF C9 9A 3B       cmp rax, 0x3b9ac9ff
0x7FFF10DFF890::  7F EE                   jnle 0x7fff10dff880
0x7FFF10DFF892::  48 85 C0                test rax, rax
0x7FFF10DFF895::  79 15                   jns 0x7fff10dff8ac
0x7FFF10DFF8AC::  5B                      pop rbx
0x7FFF10DFF8AD::  4D 89 2C 24             mov qword ptr [r12], r13
0x7FFF10DFF8B1::  49 89 44 24 08          mov qword ptr [r12+0x8], rax
0x7FFF10DFF8B6::  31 C0                   xor eax, eax
0x7FFF10DFF8B8::  41 5C                   pop r12
0x7FFF10DFF8BA::  41 5D                   pop r13
0x7FFF10DFF8BC::  41 5E                   pop r14
0x7FFF10DFF8BE::  C9                      leave 
0x7FFF10DFF8BF::  C3                      ret 
0x7FFF10DFF945::  C9                      leave 
0x7FFF10DFF946::  C3                      ret 
0xFFFFFFFFFF6000A5::  49 8B 04 24             mov rax, qword ptr [r12]
0xFFFFFFFFFF6000A9::  0F 1F 80 00 00 00 00    nop dword ptr [rax], eax
0xFFFFFFFFFF6000B0::  48 81 EA 00 CA 9A 3B    sub rdx, 0x3b9aca00
0xFFFFFFFFFF6000B7::  48 83 C0 01             add rax, 0x1
0xFFFFFFFFFF6000BB::  48 81 FA FF C9 9A 3B    cmp rdx, 0x3b9ac9ff
0xFFFFFFFFFF6000C2::  77 EC                   jnbe 0xffffffffff6000b0
0xFFFFFFFFFF6000C4::  49 89 04 24             mov qword ptr [r12], rax
0xFFFFFFFFFF6000C8::  48 C1 EA 03             shr rdx, 0x3
0xFFFFFFFFFF6000CC::  48 B9 CF F7 53 E3 A5 9B C4 20 mov rcx, 0x20c49ba5e353f7cf
0xFFFFFFFFFF6000D6::  48 89 D0                mov rax, rdx
0xFFFFFFFFFF6000D9::  48 F7 E1                mul rcx
0xFFFFFFFFFF6000DC::  48 C1 EA 04             shr rdx, 0x4
0xFFFFFFFFFF6000E0::  49 89 54 24 08          mov qword ptr [r12+0x8], rdx
0xFFFFFFFFFF6000E5::  48 85 DB                test rbx, rbx
0xFFFFFFFFFF6000E8::  74 0A                   jz 0xffffffffff6000f4
0x7FFF10DFF892::  48 85 C0                test rax, rax
0x7FFF10DFF895::  79 15                   jns 0x7fff10dff8ac
0x7FFF10DFF8E7::  7E 67                   jle 0x7fff10dff950
0x7FFF10DFF950::  85 FF                   test edi, edi
0x7FFF10DFF952::  75 A6                   jnz 0x7fff10dff8fa
0x7FFF10DFF954::  48 83 78 20 00          cmp qword ptr [rax+0x20], 0x0
0x7FFF10DFF959::  0F 1F 80 00 00 00 00    nop dword ptr [rax], eax
0x7FFF10DFF960::  74 98                   jz 0x7fff10dff8fa
0x7FFF10DFF962::  48 89 F7                mov rdi, rsi
0x7FFF10DFF965::  E8 66 FD FF FF          call 0x7fff10dff6d0 -> 
0x7FFF10DFF6D0::  55                      push rbp
0x7FFF10DFF6D1::  48 89 E5                mov rbp, rsp
0x7FFF10DFF6D4::  41 54                   push r12
0x7FFF10DFF6D6::  53                      push rbx
0x7FFF10DFF6D7::  48 89 FB                mov rbx, rdi
0x7FFF10DFF6DA::  48 8B 05 7F FE FF FF    mov rax, qword ptr [rip-0x181]
0x7FFF10DFF6E1::  44 8B 20                mov r12d, dword ptr [rax]
0x7FFF10DFF6E4::  41 F6 C4 01             test r12b, 0x1
0x7FFF10DFF6E8::  0F 85 86 00 00 00       jnz 0x7fff10dff774
0x7FFF10DFF6EE::  48 8B 05 6B FE FF FF    mov rax, qword ptr [rip-0x195]
0x7FFF10DFF6F5::  48 8B 40 08             mov rax, qword ptr [rax+0x8]
0x7FFF10DFF6F9::  48 89 03                mov qword ptr [rbx], rax
0x7FFF10DFF6FC::  48 8B 05 5D FE FF FF    mov rax, qword ptr [rip-0x1a3]
0x7FFF10DFF703::  8B 40 10                mov eax, dword ptr [rax+0x10]
0x7FFF10DFF706::  48 89 43 08             mov qword ptr [rbx+0x8], rax
0x7FFF10DFF70A::  48 8B 05 4F FE FF FF    mov rax, qword ptr [rip-0x1b1]
0x7FFF10DFF711::  FF 50 20                call qword ptr [rax+0x20]
0x7FFF10DFF714::  48 8B 15 45 FE FF FF    mov rdx, qword ptr [rip-0x1bb]
0x7FFF10DFF71B::  48 2B 42 28             sub rax, qword ptr [rdx+0x28]
0x7FFF10DFF71F::  8B 4A 38                mov ecx, dword ptr [rdx+0x38]
0x7FFF10DFF722::  48 23 42 30             and rax, qword ptr [rdx+0x30]
0x7FFF10DFF726::  48 0F AF C1             imul rax, rcx
0x7FFF10DFF72A::  8B 4A 3C                mov ecx, dword ptr [rdx+0x3c]
0x7FFF10DFF72D::  48 D3 F8                sar rax, cl
0x7FFF10DFF730::  44 3B 22                cmp r12d, dword ptr [rdx]
0x7FFF10DFF733::  75 A5                   jnz 0x7fff10dff6da
0x7FFF10DFF735::  48 03 43 08             add rax, qword ptr [rbx+0x8]
0x7FFF10DFF739::  31 D2                   xor edx, edx
0x7FFF10DFF73B::  31 C9                   xor ecx, ecx
0x7FFF10DFF73D::  48 8B 33                mov rsi, qword ptr [rbx]
0x7FFF10DFF740::  48 3D FF C9 9A 3B       cmp rax, 0x3b9ac9ff
0x7FFF10DFF746::  76 1B                   jbe 0x7fff10dff763
0x7FFF10DFF748::  0F 1F 84 00 00 00 00 00 nop dword ptr [rax+rax*1], eax
0x7FFF10DFF750::  48 2D 00 CA 9A 3B       sub rax, 0x3b9aca00
0x7FFF10DFF756::  83 C2 01                add edx, 0x1
0x7FFF10DFF759::  48 3D FF C9 9A 3B       cmp rax, 0x3b9ac9ff
0x7FFF10DFF75F::  77 EF                   jnbe 0x7fff10dff750
0x7FFF10DFF761::  89 D1                   mov ecx, edx
0x7FFF10DFF763::  48 01 F1                add rcx, rsi
0x7FFF10DFF766::  48 89 43 08             mov qword ptr [rbx+0x8], rax
0x7FFF10DFF76A::  31 C0                   xor eax, eax
0x7FFF10DFF76C::  48 89 0B                mov qword ptr [rbx], rcx
0x7FFF10DFF76F::  5B                      pop rbx
0x7FFF10DFF770::  41 5C                   pop r12
0x7FFF10DFF772::  C9                      leave 
0x7FFF10DFF773::  C3                      ret 
0x7FFF10DFF96A::  C9                      leave 
0x7FFF10DFF96B::  C3                      ret 
0x7FFF10DFF790::  55                      push rbp
0x7FFF10DFF791::  48 8B 05 C8 FD FF FF    mov rax, qword ptr [rip-0x238]
0x7FFF10DFF798::  48 89 E5                mov rbp, rsp
0x7FFF10DFF79B::  41 54                   push r12
0x7FFF10DFF79D::  49 89 F4                mov r12, rsi
0x7FFF10DFF7A0::  53                      push rbx
0x7FFF10DFF7A1::  8B 50 14                mov edx, dword ptr [rax+0x14]
0x7FFF10DFF7A4::  48 89 FB                mov rbx, rdi
0x7FFF10DFF7A7::  85 D2                   test edx, edx
0x7FFF10DFF7A9::  74 60                   jz 0x7fff10dff80b
0x7FFF10DFF7AB::  48 83 78 20 00          cmp qword ptr [rax+0x20], 0x0
0x7FFF10DFF7B0::  74 59                   jz 0x7fff10dff80b
0x7FFF10DFF7B2::  48 85 FF                test rdi, rdi
0x7FFF10DFF7B5::  74 29                   jz 0x7fff10dff7e0
0x7FFF10DFF7B7::  90                      nop 
0x7FFF10DFF7B8::  E8 13 FF FF FF          call 0x7fff10dff6d0 -> 
0x7FFF10DFF7BD::  48 8B 4B 08             mov rcx, qword ptr [rbx+0x8]
0x7FFF10DFF7C1::  48 BA CF F7 53 E3 A5 9B C4 20 mov rdx, 0x20c49ba5e353f7cf
0x7FFF10DFF7CB::  48 89 C8                mov rax, rcx
0x7FFF10DFF7CE::  48 C1 F9 3F             sar rcx, 0x3f
0x7FFF10DFF7D2::  48 F7 EA                imul rdx
0x7FFF10DFF7D5::  48 C1 FA 07             sar rdx, 0x7
0x7FFF10DFF7D9::  48 29 CA                sub rdx, rcx
0x7FFF10DFF7DC::  48 89 53 08             mov qword ptr [rbx+0x8], rdx
0x7FFF10DFF7E0::  4D 85 E4                test r12, r12
0x7FFF10DFF7E3::  75 07                   jnz 0x7fff10dff7ec
0x7FFF10DFF7E5::  31 C0                   xor eax, eax
0x7FFF10DFF7E7::  5B                      pop rbx
0x7FFF10DFF7E8::  41 5C                   pop r12
0x7FFF10DFF7EA::  C9                      leave 
0x7FFF10DFF7EB::  C3                      ret 
0x7FFF10DFF763::  48 01 F1                add rcx, rsi
0x7FFF10DFF766::  48 89 43 08             mov qword ptr [rbx+0x8], rax
0x7FFF10DFF76A::  31 C0                   xor eax, eax
0x7FFF10DFF76C::  48 89 0B                mov qword ptr [rbx], rcx
0x7FFF10DFF76F::  5B                      pop rbx
0x7FFF10DFF770::  41 5C                   pop r12
0x7FFF10DFF772::  C9                      leave 
0x7FFF10DFF773::  C3                      ret 
0x7FFF10DFF7BD::  48 8B 4B 08             mov rcx, qword ptr [rbx+0x8]
0x7FFF10DFF7C1::  48 BA CF F7 53 E3 A5 9B C4 20 mov rdx, 0x20c49ba5e353f7cf
0x7FFF10DFF7CB::  48 89 C8                mov rax, rcx
0x7FFF10DFF7CE::  48 C1 F9 3F             sar rcx, 0x3f
0x7FFF10DFF7D2::  48 F7 EA                imul rdx
0x7FFF10DFF7D5::  48 C1 FA 07             sar rdx, 0x7
0x7FFF10DFF7D9::  48 29 CA                sub rdx, rcx
0x7FFF10DFF7DC::  48 89 53 08             mov qword ptr [rbx+0x8], rdx
0x7FFF10DFF7E0::  4D 85 E4                test r12, r12
0x7FFF10DFF7E3::  75 07                   jnz 0x7fff10dff7ec
0x7FFF10DFF7E5::  31 C0                   xor eax, eax
0x7FFF10DFF7E7::  5B                      pop rbx
0x7FFF10DFF7E8::  41 5C                   pop r12
0x7FFF10DFF7EA::  C9                      leave 
0x7FFF10DFF7EB::  C3                      ret 
0x7FFF10DFF96A::  C9                      leave 
0x7FFF10DFF96B::  C3                      ret 
